Command line invocation:
    /Applications/Xcode.app/Contents/Developer/usr/bin/xcodebuild -project ExampleApp.xcodeproj -scheme ExampleApp -destination "platform=iOS Simulator,name=iPhone 8" test

Build settings from command line:
    TOOLCHAINS = com.apple.dt.toolchain.XcodeDefault

note: Using new build system
note: Building targets in parallel
note: Planning build
note: Using build description from disk
CompileSwiftSources normal x86_64 com.apple.xcode.tools.swift.compiler (in target 'ExampleAppTests' from project 'ExampleApp')
    cd /var/folders/f5/jcsc1cv53hd5nvtt1y0m5gc80000gn/T/TemporaryItems/(A\ Document\ Being\ Saved\ By\ muter\ 2)/ExampleApp
    export DEVELOPER_DIR=/Applications/Xcode.app/Contents/Developer
    export SDKROOT=/Applications/Xcode.app/Contents/Developer/Platforms/iPhoneSimulator.platform/Developer/SDKs/iPhoneSimulator13.5.sdk
    export TOOLCHAINS="com.apple.dt.toolchain.XcodeDefault com.apple.dt.toolchain.XcodeDefault"
    /Applications/Xcode.app/Contents/Developer/Toolchains/XcodeDefault.xctoolchain/usr/bin/swiftc -incremental -module-name ExampleAppTests -Onone -enable-batch-mode -enforce-exclusivity=checked @/Users/boopathi/Library/Developer/Xcode/DerivedData/ExampleApp-ayjcunrpvvwykehcforbrtolsuuu/Build/Intermediates.noindex/ExampleApp.build/Debug-iphonesimulator/ExampleAppTests.build/Objects-normal/x86_64/ExampleAppTests.SwiftFileList -DDEBUG -sdk /Applications/Xcode.app/Contents/Developer/Platforms/iPhoneSimulator.platform/Developer/SDKs/iPhoneSimulator13.5.sdk -target x86_64-apple-ios12.0-simulator -g -module-cache-path /Users/boopathi/Library/Developer/Xcode/DerivedData/ModuleCache.noindex -Xfrontend -serialize-debugging-options -enable-testing -index-store-path /Users/boopathi/Library/Developer/Xcode/DerivedData/ExampleApp-ayjcunrpvvwykehcforbrtolsuuu/Index/DataStore -swift-version 5 -I /Users/boopathi/Library/Developer/Xcode/DerivedData/ExampleApp-ayjcunrpvvwykehcforbrtolsuuu/Build/Products/Debug-iphonesimulator -I /Applications/Xcode.app/Contents/Developer/Platforms/iPhoneSimulator.platform/Developer/usr/lib -I /Applications/Xcode.app/Contents/Developer/Platforms/iPhoneSimulator.platform/Developer/usr/lib -I /Applications/Xcode.app/Contents/Developer/Platforms/iPhoneSimulator.platform/Developer/usr/lib -I /Applications/Xcode.app/Contents/Developer/Platforms/iPhoneSimulator.platform/Developer/usr/lib -I /Applications/Xcode.app/Contents/Developer/Platforms/iPhoneSimulator.platform/Developer/usr/lib -I /Applications/Xcode.app/Contents/Developer/Platforms/iPhoneSimulator.platform/Developer/usr/lib -F /Users/boopathi/Library/Developer/Xcode/DerivedData/ExampleApp-ayjcunrpvvwykehcforbrtolsuuu/Build/Products/Debug-iphonesimulator -F /Applications/Xcode.app/Contents/Developer/Platforms/iPhoneSimulator.platform/Developer/Library/Frameworks -c -j4 -output-file-map /Users/boopathi/Library/Developer/Xcode/DerivedData/ExampleApp-ayjcunrpvvwykehcforbrtolsuuu/Build/Intermediates.noindex/ExampleApp.build/Debug-iphonesimulator/ExampleAppTests.build/Objects-normal/x86_64/ExampleAppTests-OutputFileMap.json -parseable-output -serialize-diagnostics -emit-dependencies -emit-module -emit-module-path /Users/boopathi/Library/Developer/Xcode/DerivedData/ExampleApp-ayjcunrpvvwykehcforbrtolsuuu/Build/Intermediates.noindex/ExampleApp.build/Debug-iphonesimulator/ExampleAppTests.build/Objects-normal/x86_64/ExampleAppTests.swiftmodule -Xcc -I/Users/boopathi/Library/Developer/Xcode/DerivedData/ExampleApp-ayjcunrpvvwykehcforbrtolsuuu/Build/Intermediates.noindex/ExampleApp.build/Debug-iphonesimulator/ExampleAppTests.build/swift-overrides.hmap -Xcc -iquote -Xcc /Users/boopathi/Library/Developer/Xcode/DerivedData/ExampleApp-ayjcunrpvvwykehcforbrtolsuuu/Build/Intermediates.noindex/ExampleApp.build/Debug-iphonesimulator/ExampleAppTests.build/ExampleAppTests-generated-files.hmap -Xcc -I/Users/boopathi/Library/Developer/Xcode/DerivedData/ExampleApp-ayjcunrpvvwykehcforbrtolsuuu/Build/Intermediates.noindex/ExampleApp.build/Debug-iphonesimulator/ExampleAppTests.build/ExampleAppTests-own-target-headers.hmap -Xcc -I/Users/boopathi/Library/Developer/Xcode/DerivedData/ExampleApp-ayjcunrpvvwykehcforbrtolsuuu/Build/Intermediates.noindex/ExampleApp.build/Debug-iphonesimulator/ExampleAppTests.build/ExampleAppTests-all-target-headers.hmap -Xcc -iquote -Xcc /Users/boopathi/Library/Developer/Xcode/DerivedData/ExampleApp-ayjcunrpvvwykehcforbrtolsuuu/Build/Intermediates.noindex/ExampleApp.build/Debug-iphonesimulator/ExampleAppTests.build/ExampleAppTests-project-headers.hmap -Xcc -I/Users/boopathi/Library/Developer/Xcode/DerivedData/ExampleApp-ayjcunrpvvwykehcforbrtolsuuu/Build/Products/Debug-iphonesimulator/include -Xcc -I/Users/boopathi/Library/Developer/Xcode/DerivedData/ExampleApp-ayjcunrpvvwykehcforbrtolsuuu/Build/Intermediates.noindex/ExampleApp.build/Debug-iphonesimulator/ExampleAppTests.build/DerivedSources-normal/x86_64 -Xcc -I/Users/boopathi/Library/Developer/Xcode/DerivedData/ExampleApp-ayjcunrpvvwykehcforbrtolsuuu/Build/Intermediates.noindex/ExampleApp.build/Debug-iphonesimulator/ExampleAppTests.build/DerivedSources/x86_64 -Xcc -I/Users/boopathi/Library/Developer/Xcode/DerivedData/ExampleApp-ayjcunrpvvwykehcforbrtolsuuu/Build/Intermediates.noindex/ExampleApp.build/Debug-iphonesimulator/ExampleAppTests.build/DerivedSources -Xcc -DDEBUG=1 -emit-objc-header -emit-objc-header-path /Users/boopathi/Library/Developer/Xcode/DerivedData/ExampleApp-ayjcunrpvvwykehcforbrtolsuuu/Build/Intermediates.noindex/ExampleApp.build/Debug-iphonesimulator/ExampleAppTests.build/Objects-normal/x86_64/ExampleAppTests-Swift.h -working-directory /var/folders/f5/jcsc1cv53hd5nvtt1y0m5gc80000gn/T/TemporaryItems/\(A\ Document\ Being\ Saved\ By\ muter\ 2\)/ExampleApp -Xfrontend -serialize-debugging-options

CompileSwift normal x86_64 /var/folders/f5/jcsc1cv53hd5nvtt1y0m5gc80000gn/T/TemporaryItems/(A\ Document\ Being\ Saved\ By\ muter\ 2)/ExampleApp/ExampleApp/Module.swift (in target 'ExampleAppTests' from project 'ExampleApp')
    cd /var/folders/f5/jcsc1cv53hd5nvtt1y0m5gc80000gn/T/TemporaryItems/(A\ Document\ Being\ Saved\ By\ muter\ 2)/ExampleApp
    /Applications/Xcode.app/Contents/Developer/Toolchains/XcodeDefault.xctoolchain/usr/bin/swift -frontend -c -primary-file /var/folders/f5/jcsc1cv53hd5nvtt1y0m5gc80000gn/T/TemporaryItems/\(A\ Document\ Being\ Saved\ By\ muter\ 2\)/ExampleApp/ExampleApp/Module.swift /var/folders/f5/jcsc1cv53hd5nvtt1y0m5gc80000gn/T/TemporaryItems/\(A\ Document\ Being\ Saved\ By\ muter\ 2\)/ExampleApp/ExampleApp/Module2.swift /var/folders/f5/jcsc1cv53hd5nvtt1y0m5gc80000gn/T/TemporaryItems/\(A\ Document\ Being\ Saved\ By\ muter\ 2\)/ExampleApp/ExampleApp/AppDelegate.swift /var/folders/f5/jcsc1cv53hd5nvtt1y0m5gc80000gn/T/TemporaryItems/\(A\ Document\ Being\ Saved\ By\ muter\ 2\)/ExampleApp/ExampleApp/ViewController.swift /var/folders/f5/jcsc1cv53hd5nvtt1y0m5gc80000gn/T/TemporaryItems/\(A\ Document\ Being\ Saved\ By\ muter\ 2\)/ExampleApp/ExampleAppTests/ModuleTests.swift -emit-module-path /Users/boopathi/Library/Developer/Xcode/DerivedData/ExampleApp-ayjcunrpvvwykehcforbrtolsuuu/Build/Intermediates.noindex/ExampleApp.build/Debug-iphonesimulator/ExampleAppTests.build/Objects-normal/x86_64/Module\~partial.swiftmodule -emit-module-doc-path /Users/boopathi/Library/Developer/Xcode/DerivedData/ExampleApp-ayjcunrpvvwykehcforbrtolsuuu/Build/Intermediates.noindex/ExampleApp.build/Debug-iphonesimulator/ExampleAppTests.build/Objects-normal/x86_64/Module\~partial.swiftdoc -emit-module-source-info-path /Users/boopathi/Library/Developer/Xcode/DerivedData/ExampleApp-ayjcunrpvvwykehcforbrtolsuuu/Build/Intermediates.noindex/ExampleApp.build/Debug-iphonesimulator/ExampleAppTests.build/Objects-normal/x86_64/Module\~partial.swiftsourceinfo -serialize-diagnostics-path /Users/boopathi/Library/Developer/Xcode/DerivedData/ExampleApp-ayjcunrpvvwykehcforbrtolsuuu/Build/Intermediates.noindex/ExampleApp.build/Debug-iphonesimulator/ExampleAppTests.build/Objects-normal/x86_64/Module.dia -emit-dependencies-path /Users/boopathi/Library/Developer/Xcode/DerivedData/ExampleApp-ayjcunrpvvwykehcforbrtolsuuu/Build/Intermediates.noindex/ExampleApp.build/Debug-iphonesimulator/ExampleAppTests.build/Objects-normal/x86_64/Module.d -emit-reference-dependencies-path /Users/boopathi/Library/Developer/Xcode/DerivedData/ExampleApp-ayjcunrpvvwykehcforbrtolsuuu/Build/Intermediates.noindex/ExampleApp.build/Debug-iphonesimulator/ExampleAppTests.build/Objects-normal/x86_64/Module.swiftdeps -target x86_64-apple-ios12.0-simulator -enable-objc-interop -sdk /Applications/Xcode.app/Contents/Developer/Platforms/iPhoneSimulator.platform/Developer/SDKs/iPhoneSimulator13.5.sdk -I /Users/boopathi/Library/Developer/Xcode/DerivedData/ExampleApp-ayjcunrpvvwykehcforbrtolsuuu/Build/Products/Debug-iphonesimulator -I /Applications/Xcode.app/Contents/Developer/Platforms/iPhoneSimulator.platform/Developer/usr/lib -I /Applications/Xcode.app/Contents/Developer/Platforms/iPhoneSimulator.platform/Developer/usr/lib -I /Applications/Xcode.app/Contents/Developer/Platforms/iPhoneSimulator.platform/Developer/usr/lib -I /Applications/Xcode.app/Contents/Developer/Platforms/iPhoneSimulator.platform/Developer/usr/lib -I /Applications/Xcode.app/Contents/Developer/Platforms/iPhoneSimulator.platform/Developer/usr/lib -I /Applications/Xcode.app/Contents/Developer/Platforms/iPhoneSimulator.platform/Developer/usr/lib -F /Users/boopathi/Library/Developer/Xcode/DerivedData/ExampleApp-ayjcunrpvvwykehcforbrtolsuuu/Build/Products/Debug-iphonesimulator -F /Applications/Xcode.app/Contents/Developer/Platforms/iPhoneSimulator.platform/Developer/Library/Frameworks -enable-testing -g -module-cache-path /Users/boopathi/Library/Developer/Xcode/DerivedData/ModuleCache.noindex -swift-version 5 -enforce-exclusivity=checked -Onone -D DEBUG -serialize-debugging-options -serialize-debugging-options -Xcc -working-directory -Xcc /var/folders/f5/jcsc1cv53hd5nvtt1y0m5gc80000gn/T/TemporaryItems/\(A\ Document\ Being\ Saved\ By\ muter\ 2\)/ExampleApp -enable-anonymous-context-mangled-names -Xcc -I/Users/boopathi/Library/Developer/Xcode/DerivedData/ExampleApp-ayjcunrpvvwykehcforbrtolsuuu/Build/Intermediates.noindex/ExampleApp.build/Debug-iphonesimulator/ExampleAppTests.build/swift-overrides.hmap -Xcc -iquote -Xcc /Users/boopathi/Library/Developer/Xcode/DerivedData/ExampleApp-ayjcunrpvvwykehcforbrtolsuuu/Build/Intermediates.noindex/ExampleApp.build/Debug-iphonesimulator/ExampleAppTests.build/ExampleAppTests-generated-files.hmap -Xcc -I/Users/boopathi/Library/Developer/Xcode/DerivedData/ExampleApp-ayjcunrpvvwykehcforbrtolsuuu/Build/Intermediates.noindex/ExampleApp.build/Debug-iphonesimulator/ExampleAppTests.build/ExampleAppTests-own-target-headers.hmap -Xcc -I/Users/boopathi/Library/Developer/Xcode/DerivedData/ExampleApp-ayjcunrpvvwykehcforbrtolsuuu/Build/Intermediates.noindex/ExampleApp.build/Debug-iphonesimulator/ExampleAppTests.build/ExampleAppTests-all-target-headers.hmap -Xcc -iquote -Xcc /Users/boopathi/Library/Developer/Xcode/DerivedData/ExampleApp-ayjcunrpvvwykehcforbrtolsuuu/Build/Intermediates.noindex/ExampleApp.build/Debug-iphonesimulator/ExampleAppTests.build/ExampleAppTests-project-headers.hmap -Xcc -I/Users/boopathi/Library/Developer/Xcode/DerivedData/ExampleApp-ayjcunrpvvwykehcforbrtolsuuu/Build/Products/Debug-iphonesimulator/include -Xcc -I/Users/boopathi/Library/Developer/Xcode/DerivedData/ExampleApp-ayjcunrpvvwykehcforbrtolsuuu/Build/Intermediates.noindex/ExampleApp.build/Debug-iphonesimulator/ExampleAppTests.build/DerivedSources-normal/x86_64 -Xcc -I/Users/boopathi/Library/Developer/Xcode/DerivedData/ExampleApp-ayjcunrpvvwykehcforbrtolsuuu/Build/Intermediates.noindex/ExampleApp.build/Debug-iphonesimulator/ExampleAppTests.build/DerivedSources/x86_64 -Xcc -I/Users/boopathi/Library/Developer/Xcode/DerivedData/ExampleApp-ayjcunrpvvwykehcforbrtolsuuu/Build/Intermediates.noindex/ExampleApp.build/Debug-iphonesimulator/ExampleAppTests.build/DerivedSources -Xcc -DDEBUG=1 -module-name ExampleAppTests -o /Users/boopathi/Library/Developer/Xcode/DerivedData/ExampleApp-ayjcunrpvvwykehcforbrtolsuuu/Build/Intermediates.noindex/ExampleApp.build/Debug-iphonesimulator/ExampleAppTests.build/Objects-normal/x86_64/Module.o -index-store-path /Users/boopathi/Library/Developer/Xcode/DerivedData/ExampleApp-ayjcunrpvvwykehcforbrtolsuuu/Index/DataStore -index-system-modules

MergeSwiftModule normal x86_64 (in target 'ExampleAppTests' from project 'ExampleApp')
    cd /var/folders/f5/jcsc1cv53hd5nvtt1y0m5gc80000gn/T/TemporaryItems/(A\ Document\ Being\ Saved\ By\ muter\ 2)/ExampleApp
    /Applications/Xcode.app/Contents/Developer/Toolchains/XcodeDefault.xctoolchain/usr/bin/swift -frontend -merge-modules -emit-module /Users/boopathi/Library/Developer/Xcode/DerivedData/ExampleApp-ayjcunrpvvwykehcforbrtolsuuu/Build/Intermediates.noindex/ExampleApp.build/Debug-iphonesimulator/ExampleAppTests.build/Objects-normal/x86_64/Module\~partial.swiftmodule /Users/boopathi/Library/Developer/Xcode/DerivedData/ExampleApp-ayjcunrpvvwykehcforbrtolsuuu/Build/Intermediates.noindex/ExampleApp.build/Debug-iphonesimulator/ExampleAppTests.build/Objects-normal/x86_64/Module2\~partial.swiftmodule /Users/boopathi/Library/Developer/Xcode/DerivedData/ExampleApp-ayjcunrpvvwykehcforbrtolsuuu/Build/Intermediates.noindex/ExampleApp.build/Debug-iphonesimulator/ExampleAppTests.build/Objects-normal/x86_64/AppDelegate\~partial.swiftmodule /Users/boopathi/Library/Developer/Xcode/DerivedData/ExampleApp-ayjcunrpvvwykehcforbrtolsuuu/Build/Intermediates.noindex/ExampleApp.build/Debug-iphonesimulator/ExampleAppTests.build/Objects-normal/x86_64/ViewController\~partial.swiftmodule /Users/boopathi/Library/Developer/Xcode/DerivedData/ExampleApp-ayjcunrpvvwykehcforbrtolsuuu/Build/Intermediates.noindex/ExampleApp.build/Debug-iphonesimulator/ExampleAppTests.build/Objects-normal/x86_64/ModuleTests\~partial.swiftmodule -parse-as-library -sil-merge-partial-modules -disable-diagnostic-passes -disable-sil-perf-optzns -target x86_64-apple-ios12.0-simulator -enable-objc-interop -sdk /Applications/Xcode.app/Contents/Developer/Platforms/iPhoneSimulator.platform/Developer/SDKs/iPhoneSimulator13.5.sdk -I /Users/boopathi/Library/Developer/Xcode/DerivedData/ExampleApp-ayjcunrpvvwykehcforbrtolsuuu/Build/Products/Debug-iphonesimulator -I /Applications/Xcode.app/Contents/Developer/Platforms/iPhoneSimulator.platform/Developer/usr/lib -I /Applications/Xcode.app/Contents/Developer/Platforms/iPhoneSimulator.platform/Developer/usr/lib -I /Applications/Xcode.app/Contents/Developer/Platforms/iPhoneSimulator.platform/Developer/usr/lib -I /Applications/Xcode.app/Contents/Developer/Platforms/iPhoneSimulator.platform/Developer/usr/lib -I /Applications/Xcode.app/Contents/Developer/Platforms/iPhoneSimulator.platform/Developer/usr/lib -I /Applications/Xcode.app/Contents/Developer/Platforms/iPhoneSimulator.platform/Developer/usr/lib -F /Users/boopathi/Library/Developer/Xcode/DerivedData/ExampleApp-ayjcunrpvvwykehcforbrtolsuuu/Build/Products/Debug-iphonesimulator -F /Applications/Xcode.app/Contents/Developer/Platforms/iPhoneSimulator.platform/Developer/Library/Frameworks -enable-testing -g -module-cache-path /Users/boopathi/Library/Developer/Xcode/DerivedData/ModuleCache.noindex -swift-version 5 -enforce-exclusivity=checked -Onone -D DEBUG -serialize-debugging-options -serialize-debugging-options -Xcc -working-directory -Xcc /var/folders/f5/jcsc1cv53hd5nvtt1y0m5gc80000gn/T/TemporaryItems/\(A\ Document\ Being\ Saved\ By\ muter\ 2\)/ExampleApp -enable-anonymous-context-mangled-names -Xcc -I/Users/boopathi/Library/Developer/Xcode/DerivedData/ExampleApp-ayjcunrpvvwykehcforbrtolsuuu/Build/Intermediates.noindex/ExampleApp.build/Debug-iphonesimulator/ExampleAppTests.build/swift-overrides.hmap -Xcc -iquote -Xcc /Users/boopathi/Library/Developer/Xcode/DerivedData/ExampleApp-ayjcunrpvvwykehcforbrtolsuuu/Build/Intermediates.noindex/ExampleApp.build/Debug-iphonesimulator/ExampleAppTests.build/ExampleAppTests-generated-files.hmap -Xcc -I/Users/boopathi/Library/Developer/Xcode/DerivedData/ExampleApp-ayjcunrpvvwykehcforbrtolsuuu/Build/Intermediates.noindex/ExampleApp.build/Debug-iphonesimulator/ExampleAppTests.build/ExampleAppTests-own-target-headers.hmap -Xcc -I/Users/boopathi/Library/Developer/Xcode/DerivedData/ExampleApp-ayjcunrpvvwykehcforbrtolsuuu/Build/Intermediates.noindex/ExampleApp.build/Debug-iphonesimulator/ExampleAppTests.build/ExampleAppTests-all-target-headers.hmap -Xcc -iquote -Xcc /Users/boopathi/Library/Developer/Xcode/DerivedData/ExampleApp-ayjcunrpvvwykehcforbrtolsuuu/Build/Intermediates.noindex/ExampleApp.build/Debug-iphonesimulator/ExampleAppTests.build/ExampleAppTests-project-headers.hmap -Xcc -I/Users/boopathi/Library/Developer/Xcode/DerivedData/ExampleApp-ayjcunrpvvwykehcforbrtolsuuu/Build/Products/Debug-iphonesimulator/include -Xcc -I/Users/boopathi/Library/Developer/Xcode/DerivedData/ExampleApp-ayjcunrpvvwykehcforbrtolsuuu/Build/Intermediates.noindex/ExampleApp.build/Debug-iphonesimulator/ExampleAppTests.build/DerivedSources-normal/x86_64 -Xcc -I/Users/boopathi/Library/Developer/Xcode/DerivedData/ExampleApp-ayjcunrpvvwykehcforbrtolsuuu/Build/Intermediates.noindex/ExampleApp.build/Debug-iphonesimulator/ExampleAppTests.build/DerivedSources/x86_64 -Xcc -I/Users/boopathi/Library/Developer/Xcode/DerivedData/ExampleApp-ayjcunrpvvwykehcforbrtolsuuu/Build/Intermediates.noindex/ExampleApp.build/Debug-iphonesimulator/ExampleAppTests.build/DerivedSources -Xcc -DDEBUG=1 -emit-module-doc-path /Users/boopathi/Library/Developer/Xcode/DerivedData/ExampleApp-ayjcunrpvvwykehcforbrtolsuuu/Build/Intermediates.noindex/ExampleApp.build/Debug-iphonesimulator/ExampleAppTests.build/Objects-normal/x86_64/ExampleAppTests.swiftdoc -emit-module-source-info-path /Users/boopathi/Library/Developer/Xcode/DerivedData/ExampleApp-ayjcunrpvvwykehcforbrtolsuuu/Build/Intermediates.noindex/ExampleApp.build/Debug-iphonesimulator/ExampleAppTests.build/Objects-normal/x86_64/ExampleAppTests.swiftsourceinfo -emit-objc-header-path /Users/boopathi/Library/Developer/Xcode/DerivedData/ExampleApp-ayjcunrpvvwykehcforbrtolsuuu/Build/Intermediates.noindex/ExampleApp.build/Debug-iphonesimulator/ExampleAppTests.build/Objects-normal/x86_64/ExampleAppTests-Swift.h -module-name ExampleAppTests -o /Users/boopathi/Library/Developer/Xcode/DerivedData/ExampleApp-ayjcunrpvvwykehcforbrtolsuuu/Build/Intermediates.noindex/ExampleApp.build/Debug-iphonesimulator/ExampleAppTests.build/Objects-normal/x86_64/ExampleAppTests.swiftmodule

Ld /Users/boopathi/Library/Developer/Xcode/DerivedData/ExampleApp-ayjcunrpvvwykehcforbrtolsuuu/Build/Products/Debug-iphonesimulator/ExampleAppTests.xctest/ExampleAppTests normal x86_64 (in target 'ExampleAppTests' from project 'ExampleApp')
    cd /var/folders/f5/jcsc1cv53hd5nvtt1y0m5gc80000gn/T/TemporaryItems/(A\ Document\ Being\ Saved\ By\ muter\ 2)/ExampleApp
    /Applications/Xcode.app/Contents/Developer/Toolchains/XcodeDefault.xctoolchain/usr/bin/clang -target x86_64-apple-ios12.0-simulator -bundle -isysroot /Applications/Xcode.app/Contents/Developer/Platforms/iPhoneSimulator.platform/Developer/SDKs/iPhoneSimulator13.5.sdk -L/Users/boopathi/Library/Developer/Xcode/DerivedData/ExampleApp-ayjcunrpvvwykehcforbrtolsuuu/Build/Products/Debug-iphonesimulator -L/Applications/Xcode.app/Contents/Developer/Platforms/iPhoneSimulator.platform/Developer/usr/lib -F/Users/boopathi/Library/Developer/Xcode/DerivedData/ExampleApp-ayjcunrpvvwykehcforbrtolsuuu/Build/Products/Debug-iphonesimulator -iframework /Applications/Xcode.app/Contents/Developer/Platforms/iPhoneSimulator.platform/Developer/Library/Frameworks -L/Applications/Xcode.app/Contents/Developer/Platforms/iPhoneSimulator.platform/Developer/usr/lib -F/Applications/Xcode.app/Contents/Developer/Platforms/iPhoneSimulator.platform/Developer/Library/Frameworks -filelist /Users/boopathi/Library/Developer/Xcode/DerivedData/ExampleApp-ayjcunrpvvwykehcforbrtolsuuu/Build/Intermediates.noindex/ExampleApp.build/Debug-iphonesimulator/ExampleAppTests.build/Objects-normal/x86_64/ExampleAppTests.LinkFileList -Xlinker -rpath -Xlinker /usr/lib/swift -Xlinker -rpath -Xlinker @executable_path/Frameworks -Xlinker -rpath -Xlinker @loader_path/Frameworks -dead_strip -Xlinker -object_path_lto -Xlinker /Users/boopathi/Library/Developer/Xcode/DerivedData/ExampleApp-ayjcunrpvvwykehcforbrtolsuuu/Build/Intermediates.noindex/ExampleApp.build/Debug-iphonesimulator/ExampleAppTests.build/Objects-normal/x86_64/ExampleAppTests_lto.o -Xlinker -export_dynamic -Xlinker -no_deduplicate -Xlinker -objc_abi_version -Xlinker 2 -fobjc-link-runtime -L/Applications/Xcode.app/Contents/Developer/Toolchains/XcodeDefault.xctoolchain/usr/lib/swift/iphonesimulator -L/usr/lib/swift -Xlinker -add_ast_path -Xlinker /Users/boopathi/Library/Developer/Xcode/DerivedData/ExampleApp-ayjcunrpvvwykehcforbrtolsuuu/Build/Intermediates.noindex/ExampleApp.build/Debug-iphonesimulator/ExampleAppTests.build/Objects-normal/x86_64/ExampleAppTests.swiftmodule -framework XCTest -Xlinker -sectcreate -Xlinker __TEXT -Xlinker __entitlements -Xlinker /Users/boopathi/Library/Developer/Xcode/DerivedData/ExampleApp-ayjcunrpvvwykehcforbrtolsuuu/Build/Intermediates.noindex/ExampleApp.build/Debug-iphonesimulator/ExampleAppTests.build/ExampleAppTests.xctest-Simulated.xcent -Xlinker -dependency_info -Xlinker /Users/boopathi/Library/Developer/Xcode/DerivedData/ExampleApp-ayjcunrpvvwykehcforbrtolsuuu/Build/Intermediates.noindex/ExampleApp.build/Debug-iphonesimulator/ExampleAppTests.build/Objects-normal/x86_64/ExampleAppTests_dependency_info.dat -o /Users/boopathi/Library/Developer/Xcode/DerivedData/ExampleApp-ayjcunrpvvwykehcforbrtolsuuu/Build/Products/Debug-iphonesimulator/ExampleAppTests.xctest/ExampleAppTests

CopySwiftLibs /Users/boopathi/Library/Developer/Xcode/DerivedData/ExampleApp-ayjcunrpvvwykehcforbrtolsuuu/Build/Products/Debug-iphonesimulator/ExampleAppTests.xctest (in target 'ExampleAppTests' from project 'ExampleApp')
    cd /var/folders/f5/jcsc1cv53hd5nvtt1y0m5gc80000gn/T/TemporaryItems/(A\ Document\ Being\ Saved\ By\ muter\ 2)/ExampleApp
    export CODESIGN_ALLOCATE=/Applications/Xcode.app/Contents/Developer/Toolchains/XcodeDefault.xctoolchain/usr/bin/codesign_allocate
    export DEVELOPER_DIR=/Applications/Xcode.app/Contents/Developer
    export SDKROOT=/Applications/Xcode.app/Contents/Developer/Platforms/iPhoneSimulator.platform/Developer/SDKs/iPhoneSimulator13.5.sdk
    export TOOLCHAINS="com.apple.dt.toolchain.XcodeDefault com.apple.dt.toolchain.XcodeDefault"
    builtin-swiftStdLibTool --copy --verbose --sign - --scan-executable /Users/boopathi/Library/Developer/Xcode/DerivedData/ExampleApp-ayjcunrpvvwykehcforbrtolsuuu/Build/Products/Debug-iphonesimulator/ExampleAppTests.xctest/ExampleAppTests --scan-folder /Users/boopathi/Library/Developer/Xcode/DerivedData/ExampleApp-ayjcunrpvvwykehcforbrtolsuuu/Build/Products/Debug-iphonesimulator/ExampleAppTests.xctest/Frameworks --scan-folder /Users/boopathi/Library/Developer/Xcode/DerivedData/ExampleApp-ayjcunrpvvwykehcforbrtolsuuu/Build/Products/Debug-iphonesimulator/ExampleAppTests.xctest/PlugIns --platform iphonesimulator --toolchain /Applications/Xcode.app/Contents/Developer/Toolchains/XcodeDefault.xctoolchain --toolchain /Applications/Xcode.app/Contents/Developer/Toolchains/XcodeDefault.xctoolchain --destination /Users/boopathi/Library/Developer/Xcode/DerivedData/ExampleApp-ayjcunrpvvwykehcforbrtolsuuu/Build/Products/Debug-iphonesimulator/ExampleAppTests.xctest/Frameworks --strip-bitcode --scan-executable /Applications/Xcode.app/Contents/Developer/Platforms/iPhoneSimulator.platform/Developer/usr/lib/libXCTestSwiftSupport.dylib --strip-bitcode-tool /Applications/Xcode.app/Contents/Developer/Toolchains/XcodeDefault.xctoolchain/usr/bin/bitcode_strip --emit-dependency-info /Users/boopathi/Library/Developer/Xcode/DerivedData/ExampleApp-ayjcunrpvvwykehcforbrtolsuuu/Build/Intermediates.noindex/ExampleApp.build/Debug-iphonesimulator/ExampleAppTests.build/SwiftStdLibToolInputDependencies.dep
libswiftos.dylib is up to date at /Users/boopathi/Library/Developer/Xcode/DerivedData/ExampleApp-ayjcunrpvvwykehcforbrtolsuuu/Build/Products/Debug-iphonesimulator/ExampleAppTests.xctest/Frameworks/libswiftos.dylib
libswiftObjectiveC.dylib is up to date at /Users/boopathi/Library/Developer/Xcode/DerivedData/ExampleApp-ayjcunrpvvwykehcforbrtolsuuu/Build/Products/Debug-iphonesimulator/ExampleAppTests.xctest/Frameworks/libswiftObjectiveC.dylib
libswiftCoreImage.dylib is up to date at /Users/boopathi/Library/Developer/Xcode/DerivedData/ExampleApp-ayjcunrpvvwykehcforbrtolsuuu/Build/Products/Debug-iphonesimulator/ExampleAppTests.xctest/Frameworks/libswiftCoreImage.dylib
libswiftMetal.dylib is up to date at /Users/boopathi/Library/Developer/Xcode/DerivedData/ExampleApp-ayjcunrpvvwykehcforbrtolsuuu/Build/Products/Debug-iphonesimulator/ExampleAppTests.xctest/Frameworks/libswiftMetal.dylib
libswiftFoundation.dylib is up to date at /Users/boopathi/Library/Developer/Xcode/DerivedData/ExampleApp-ayjcunrpvvwykehcforbrtolsuuu/Build/Products/Debug-iphonesimulator/ExampleAppTests.xctest/Frameworks/libswiftFoundation.dylib
libswiftDarwin.dylib is up to date at /Users/boopathi/Library/Developer/Xcode/DerivedData/ExampleApp-ayjcunrpvvwykehcforbrtolsuuu/Build/Products/Debug-iphonesimulator/ExampleAppTests.xctest/Frameworks/libswiftDarwin.dylib
libswiftDispatch.dylib is up to date at /Users/boopathi/Library/Developer/Xcode/DerivedData/ExampleApp-ayjcunrpvvwykehcforbrtolsuuu/Build/Products/Debug-iphonesimulator/ExampleAppTests.xctest/Frameworks/libswiftDispatch.dylib
libswiftQuartzCore.dylib is up to date at /Users/boopathi/Library/Developer/Xcode/DerivedData/ExampleApp-ayjcunrpvvwykehcforbrtolsuuu/Build/Products/Debug-iphonesimulator/ExampleAppTests.xctest/Frameworks/libswiftQuartzCore.dylib
libswiftCoreFoundation.dylib is up to date at /Users/boopathi/Library/Developer/Xcode/DerivedData/ExampleApp-ayjcunrpvvwykehcforbrtolsuuu/Build/Products/Debug-iphonesimulator/ExampleAppTests.xctest/Frameworks/libswiftCoreFoundation.dylib
libswiftUIKit.dylib is up to date at /Users/boopathi/Library/Developer/Xcode/DerivedData/ExampleApp-ayjcunrpvvwykehcforbrtolsuuu/Build/Products/Debug-iphonesimulator/ExampleAppTests.xctest/Frameworks/libswiftUIKit.dylib
libswiftCore.dylib is up to date at /Users/boopathi/Library/Developer/Xcode/DerivedData/ExampleApp-ayjcunrpvvwykehcforbrtolsuuu/Build/Products/Debug-iphonesimulator/ExampleAppTests.xctest/Frameworks/libswiftCore.dylib
libswiftCoreGraphics.dylib is up to date at /Users/boopathi/Library/Developer/Xcode/DerivedData/ExampleApp-ayjcunrpvvwykehcforbrtolsuuu/Build/Products/Debug-iphonesimulator/ExampleAppTests.xctest/Frameworks/libswiftCoreGraphics.dylib
Probing signature of /Users/boopathi/Library/Developer/Xcode/DerivedData/ExampleApp-ayjcunrpvvwykehcforbrtolsuuu/Build/Products/Debug-iphonesimulator/ExampleAppTests.xctest/Frameworks/libswiftos.dylib
/usr/bin/codesign -r- --display /Users/boopathi/Library/Developer/Xcode/DerivedData/ExampleApp-ayjcunrpvvwykehcforbrtolsuuu/Build/Products/Debug-iphonesimulator/ExampleAppTests.xctest/Frameworks/libswiftos.dylib
Codesigning /Users/boopathi/Library/Developer/Xcode/DerivedData/ExampleApp-ayjcunrpvvwykehcforbrtolsuuu/Build/Products/Debug-iphonesimulator/ExampleAppTests.xctest/Frameworks/libswiftos.dylib
/usr/bin/codesign --force --sign - --verbose /Users/boopathi/Library/Developer/Xcode/DerivedData/ExampleApp-ayjcunrpvvwykehcforbrtolsuuu/Build/Products/Debug-iphonesimulator/ExampleAppTests.xctest/Frameworks/libswiftos.dylib
Probing signature of /Users/boopathi/Library/Developer/Xcode/DerivedData/ExampleApp-ayjcunrpvvwykehcforbrtolsuuu/Build/Products/Debug-iphonesimulator/ExampleAppTests.xctest/Frameworks/libswiftos.dylib
/usr/bin/codesign -r- --display /Users/boopathi/Library/Developer/Xcode/DerivedData/ExampleApp-ayjcunrpvvwykehcforbrtolsuuu/Build/Products/Debug-iphonesimulator/ExampleAppTests.xctest/Frameworks/libswiftos.dylib
Code signature of /Users/boopathi/Library/Developer/Xcode/DerivedData/ExampleApp-ayjcunrpvvwykehcforbrtolsuuu/Build/Products/Debug-iphonesimulator/ExampleAppTests.xctest/Frameworks/libswiftos.dylib is unchanged; keeping original
Probing signature of /Users/boopathi/Library/Developer/Xcode/DerivedData/ExampleApp-ayjcunrpvvwykehcforbrtolsuuu/Build/Products/Debug-iphonesimulator/ExampleAppTests.xctest/Frameworks/libswiftMetal.dylib
Probing signature of /Users/boopathi/Library/Developer/Xcode/DerivedData/ExampleApp-ayjcunrpvvwykehcforbrtolsuuu/Build/Products/Debug-iphonesimulator/ExampleAppTests.xctest/Frameworks/libswiftFoundation.dylib
Probing signature of /Users/boopathi/Library/Developer/Xcode/DerivedData/ExampleApp-ayjcunrpvvwykehcforbrtolsuuu/Build/Products/Debug-iphonesimulator/ExampleAppTests.xctest/Frameworks/libswiftObjectiveC.dylib
Probing signature of /Users/boopathi/Library/Developer/Xcode/DerivedData/ExampleApp-ayjcunrpvvwykehcforbrtolsuuu/Build/Products/Debug-iphonesimulator/ExampleAppTests.xctest/Frameworks/libswiftCoreImage.dylib
/usr/bin/codesign -r- --display /Users/boopathi/Library/Developer/Xcode/DerivedData/ExampleApp-ayjcunrpvvwykehcforbrtolsuuu/Build/Products/Debug-iphonesimulator/ExampleAppTests.xctest/Frameworks/libswiftMetal.dylib
/usr/bin/codesign -r- --display /Users/boopathi/Library/Developer/Xcode/DerivedData/ExampleApp-ayjcunrpvvwykehcforbrtolsuuu/Build/Products/Debug-iphonesimulator/ExampleAppTests.xctest/Frameworks/libswiftFoundation.dylib
/usr/bin/codesign -r- --display /Users/boopathi/Library/Developer/Xcode/DerivedData/ExampleApp-ayjcunrpvvwykehcforbrtolsuuu/Build/Products/Debug-iphonesimulator/ExampleAppTests.xctest/Frameworks/libswiftObjectiveC.dylib
/usr/bin/codesign -r- --display /Users/boopathi/Library/Developer/Xcode/DerivedData/ExampleApp-ayjcunrpvvwykehcforbrtolsuuu/Build/Products/Debug-iphonesimulator/ExampleAppTests.xctest/Frameworks/libswiftCoreImage.dylib
Codesigning /Users/boopathi/Library/Developer/Xcode/DerivedData/ExampleApp-ayjcunrpvvwykehcforbrtolsuuu/Build/Products/Debug-iphonesimulator/ExampleAppTests.xctest/Frameworks/libswiftObjectiveC.dylib
Codesigning /Users/boopathi/Library/Developer/Xcode/DerivedData/ExampleApp-ayjcunrpvvwykehcforbrtolsuuu/Build/Products/Debug-iphonesimulator/ExampleAppTests.xctest/Frameworks/libswiftCoreImage.dylib
/usr/bin/codesign --force --sign - --verbose /Users/boopathi/Library/Developer/Xcode/DerivedData/ExampleApp-ayjcunrpvvwykehcforbrtolsuuu/Build/Products/Debug-iphonesimulator/ExampleAppTests.xctest/Frameworks/libswiftObjectiveC.dylib
/usr/bin/codesign --force --sign - --verbose /Users/boopathi/Library/Developer/Xcode/DerivedData/ExampleApp-ayjcunrpvvwykehcforbrtolsuuu/Build/Products/Debug-iphonesimulator/ExampleAppTests.xctest/Frameworks/libswiftCoreImage.dylib
Codesigning /Users/boopathi/Library/Developer/Xcode/DerivedData/ExampleApp-ayjcunrpvvwykehcforbrtolsuuu/Build/Products/Debug-iphonesimulator/ExampleAppTests.xctest/Frameworks/libswiftFoundation.dylib
/usr/bin/codesign --force --sign - --verbose /Users/boopathi/Library/Developer/Xcode/DerivedData/ExampleApp-ayjcunrpvvwykehcforbrtolsuuu/Build/Products/Debug-iphonesimulator/ExampleAppTests.xctest/Frameworks/libswiftFoundation.dylib
Codesigning /Users/boopathi/Library/Developer/Xcode/DerivedData/ExampleApp-ayjcunrpvvwykehcforbrtolsuuu/Build/Products/Debug-iphonesimulator/ExampleAppTests.xctest/Frameworks/libswiftMetal.dylib
/usr/bin/codesign --force --sign - --verbose /Users/boopathi/Library/Developer/Xcode/DerivedData/ExampleApp-ayjcunrpvvwykehcforbrtolsuuu/Build/Products/Debug-iphonesimulator/ExampleAppTests.xctest/Frameworks/libswiftMetal.dylib
Probing signature of /Users/boopathi/Library/Developer/Xcode/DerivedData/ExampleApp-ayjcunrpvvwykehcforbrtolsuuu/Build/Products/Debug-iphonesimulator/ExampleAppTests.xctest/Frameworks/libswiftObjectiveC.dylib
/usr/bin/codesign -r- --display /Users/boopathi/Library/Developer/Xcode/DerivedData/ExampleApp-ayjcunrpvvwykehcforbrtolsuuu/Build/Products/Debug-iphonesimulator/ExampleAppTests.xctest/Frameworks/libswiftObjectiveC.dylib
Code signature of /Users/boopathi/Library/Developer/Xcode/DerivedData/ExampleApp-ayjcunrpvvwykehcforbrtolsuuu/Build/Products/Debug-iphonesimulator/ExampleAppTests.xctest/Frameworks/libswiftObjectiveC.dylib is unchanged; keeping original
Probing signature of /Users/boopathi/Library/Developer/Xcode/DerivedData/ExampleApp-ayjcunrpvvwykehcforbrtolsuuu/Build/Products/Debug-iphonesimulator/ExampleAppTests.xctest/Frameworks/libswiftDarwin.dylib
/usr/bin/codesign -r- --display /Users/boopathi/Library/Developer/Xcode/DerivedData/ExampleApp-ayjcunrpvvwykehcforbrtolsuuu/Build/Products/Debug-iphonesimulator/ExampleAppTests.xctest/Frameworks/libswiftDarwin.dylib
Probing signature of /Users/boopathi/Library/Developer/Xcode/DerivedData/ExampleApp-ayjcunrpvvwykehcforbrtolsuuu/Build/Products/Debug-iphonesimulator/ExampleAppTests.xctest/Frameworks/libswiftMetal.dylib
/usr/bin/codesign -r- --display /Users/boopathi/Library/Developer/Xcode/DerivedData/ExampleApp-ayjcunrpvvwykehcforbrtolsuuu/Build/Products/Debug-iphonesimulator/ExampleAppTests.xctest/Frameworks/libswiftMetal.dylib
Codesigning /Users/boopathi/Library/Developer/Xcode/DerivedData/ExampleApp-ayjcunrpvvwykehcforbrtolsuuu/Build/Products/Debug-iphonesimulator/ExampleAppTests.xctest/Frameworks/libswiftDarwin.dylib
/usr/bin/codesign --force --sign - --verbose /Users/boopathi/Library/Developer/Xcode/DerivedData/ExampleApp-ayjcunrpvvwykehcforbrtolsuuu/Build/Products/Debug-iphonesimulator/ExampleAppTests.xctest/Frameworks/libswiftDarwin.dylib
Code signature of /Users/boopathi/Library/Developer/Xcode/DerivedData/ExampleApp-ayjcunrpvvwykehcforbrtolsuuu/Build/Products/Debug-iphonesimulator/ExampleAppTests.xctest/Frameworks/libswiftMetal.dylib is unchanged; keeping original
Probing signature of /Users/boopathi/Library/Developer/Xcode/DerivedData/ExampleApp-ayjcunrpvvwykehcforbrtolsuuu/Build/Products/Debug-iphonesimulator/ExampleAppTests.xctest/Frameworks/libswiftDispatch.dylib
/usr/bin/codesign -r- --display /Users/boopathi/Library/Developer/Xcode/DerivedData/ExampleApp-ayjcunrpvvwykehcforbrtolsuuu/Build/Products/Debug-iphonesimulator/ExampleAppTests.xctest/Frameworks/libswiftDispatch.dylib
Codesigning /Users/boopathi/Library/Developer/Xcode/DerivedData/ExampleApp-ayjcunrpvvwykehcforbrtolsuuu/Build/Products/Debug-iphonesimulator/ExampleAppTests.xctest/Frameworks/libswiftDispatch.dylib
/usr/bin/codesign --force --sign - --verbose /Users/boopathi/Library/Developer/Xcode/DerivedData/ExampleApp-ayjcunrpvvwykehcforbrtolsuuu/Build/Products/Debug-iphonesimulator/ExampleAppTests.xctest/Frameworks/libswiftDispatch.dylib
Probing signature of /Users/boopathi/Library/Developer/Xcode/DerivedData/ExampleApp-ayjcunrpvvwykehcforbrtolsuuu/Build/Products/Debug-iphonesimulator/ExampleAppTests.xctest/Frameworks/libswiftCoreImage.dylib
/usr/bin/codesign -r- --display /Users/boopathi/Library/Developer/Xcode/DerivedData/ExampleApp-ayjcunrpvvwykehcforbrtolsuuu/Build/Products/Debug-iphonesimulator/ExampleAppTests.xctest/Frameworks/libswiftCoreImage.dylib
Code signature of /Users/boopathi/Library/Developer/Xcode/DerivedData/ExampleApp-ayjcunrpvvwykehcforbrtolsuuu/Build/Products/Debug-iphonesimulator/ExampleAppTests.xctest/Frameworks/libswiftCoreImage.dylib is unchanged; keeping original
Probing signature of /Users/boopathi/Library/Developer/Xcode/DerivedData/ExampleApp-ayjcunrpvvwykehcforbrtolsuuu/Build/Products/Debug-iphonesimulator/ExampleAppTests.xctest/Frameworks/libswiftQuartzCore.dylib
/usr/bin/codesign -r- --display /Users/boopathi/Library/Developer/Xcode/DerivedData/ExampleApp-ayjcunrpvvwykehcforbrtolsuuu/Build/Products/Debug-iphonesimulator/ExampleAppTests.xctest/Frameworks/libswiftQuartzCore.dylib
Codesigning /Users/boopathi/Library/Developer/Xcode/DerivedData/ExampleApp-ayjcunrpvvwykehcforbrtolsuuu/Build/Products/Debug-iphonesimulator/ExampleAppTests.xctest/Frameworks/libswiftQuartzCore.dylib
/usr/bin/codesign --force --sign - --verbose /Users/boopathi/Library/Developer/Xcode/DerivedData/ExampleApp-ayjcunrpvvwykehcforbrtolsuuu/Build/Products/Debug-iphonesimulator/ExampleAppTests.xctest/Frameworks/libswiftQuartzCore.dylib
Probing signature of /Users/boopathi/Library/Developer/Xcode/DerivedData/ExampleApp-ayjcunrpvvwykehcforbrtolsuuu/Build/Products/Debug-iphonesimulator/ExampleAppTests.xctest/Frameworks/libswiftDarwin.dylib
/usr/bin/codesign -r- --display /Users/boopathi/Library/Developer/Xcode/DerivedData/ExampleApp-ayjcunrpvvwykehcforbrtolsuuu/Build/Products/Debug-iphonesimulator/ExampleAppTests.xctest/Frameworks/libswiftDarwin.dylib
Code signature of /Users/boopathi/Library/Developer/Xcode/DerivedData/ExampleApp-ayjcunrpvvwykehcforbrtolsuuu/Build/Products/Debug-iphonesimulator/ExampleAppTests.xctest/Frameworks/libswiftDarwin.dylib is unchanged; keeping original
Probing signature of /Users/boopathi/Library/Developer/Xcode/DerivedData/ExampleApp-ayjcunrpvvwykehcforbrtolsuuu/Build/Products/Debug-iphonesimulator/ExampleAppTests.xctest/Frameworks/libswiftCoreFoundation.dylib
/usr/bin/codesign -r- --display /Users/boopathi/Library/Developer/Xcode/DerivedData/ExampleApp-ayjcunrpvvwykehcforbrtolsuuu/Build/Products/Debug-iphonesimulator/ExampleAppTests.xctest/Frameworks/libswiftCoreFoundation.dylib
Codesigning /Users/boopathi/Library/Developer/Xcode/DerivedData/ExampleApp-ayjcunrpvvwykehcforbrtolsuuu/Build/Products/Debug-iphonesimulator/ExampleAppTests.xctest/Frameworks/libswiftCoreFoundation.dylib
/usr/bin/codesign --force --sign - --verbose /Users/boopathi/Library/Developer/Xcode/DerivedData/ExampleApp-ayjcunrpvvwykehcforbrtolsuuu/Build/Products/Debug-iphonesimulator/ExampleAppTests.xctest/Frameworks/libswiftCoreFoundation.dylib
Probing signature of /Users/boopathi/Library/Developer/Xcode/DerivedData/ExampleApp-ayjcunrpvvwykehcforbrtolsuuu/Build/Products/Debug-iphonesimulator/ExampleAppTests.xctest/Frameworks/libswiftDispatch.dylib
/usr/bin/codesign -r- --display /Users/boopathi/Library/Developer/Xcode/DerivedData/ExampleApp-ayjcunrpvvwykehcforbrtolsuuu/Build/Products/Debug-iphonesimulator/ExampleAppTests.xctest/Frameworks/libswiftDispatch.dylib
Probing signature of /Users/boopathi/Library/Developer/Xcode/DerivedData/ExampleApp-ayjcunrpvvwykehcforbrtolsuuu/Build/Products/Debug-iphonesimulator/ExampleAppTests.xctest/Frameworks/libswiftFoundation.dylib
/usr/bin/codesign -r- --display /Users/boopathi/Library/Developer/Xcode/DerivedData/ExampleApp-ayjcunrpvvwykehcforbrtolsuuu/Build/Products/Debug-iphonesimulator/ExampleAppTests.xctest/Frameworks/libswiftFoundation.dylib
Code signature of /Users/boopathi/Library/Developer/Xcode/DerivedData/ExampleApp-ayjcunrpvvwykehcforbrtolsuuu/Build/Products/Debug-iphonesimulator/ExampleAppTests.xctest/Frameworks/libswiftDispatch.dylib is unchanged; keeping original
Probing signature of /Users/boopathi/Library/Developer/Xcode/DerivedData/ExampleApp-ayjcunrpvvwykehcforbrtolsuuu/Build/Products/Debug-iphonesimulator/ExampleAppTests.xctest/Frameworks/libswiftUIKit.dylib
/usr/bin/codesign -r- --display /Users/boopathi/Library/Developer/Xcode/DerivedData/ExampleApp-ayjcunrpvvwykehcforbrtolsuuu/Build/Products/Debug-iphonesimulator/ExampleAppTests.xctest/Frameworks/libswiftUIKit.dylib
Probing signature of /Users/boopathi/Library/Developer/Xcode/DerivedData/ExampleApp-ayjcunrpvvwykehcforbrtolsuuu/Build/Products/Debug-iphonesimulator/ExampleAppTests.xctest/Frameworks/libswiftQuartzCore.dylib
/usr/bin/codesign -r- --display /Users/boopathi/Library/Developer/Xcode/DerivedData/ExampleApp-ayjcunrpvvwykehcforbrtolsuuu/Build/Products/Debug-iphonesimulator/ExampleAppTests.xctest/Frameworks/libswiftQuartzCore.dylib
Code signature of /Users/boopathi/Library/Developer/Xcode/DerivedData/ExampleApp-ayjcunrpvvwykehcforbrtolsuuu/Build/Products/Debug-iphonesimulator/ExampleAppTests.xctest/Frameworks/libswiftFoundation.dylib is unchanged; keeping original
Probing signature of /Users/boopathi/Library/Developer/Xcode/DerivedData/ExampleApp-ayjcunrpvvwykehcforbrtolsuuu/Build/Products/Debug-iphonesimulator/ExampleAppTests.xctest/Frameworks/libswiftCore.dylib
/usr/bin/codesign -r- --display /Users/boopathi/Library/Developer/Xcode/DerivedData/ExampleApp-ayjcunrpvvwykehcforbrtolsuuu/Build/Products/Debug-iphonesimulator/ExampleAppTests.xctest/Frameworks/libswiftCore.dylib
Codesigning /Users/boopathi/Library/Developer/Xcode/DerivedData/ExampleApp-ayjcunrpvvwykehcforbrtolsuuu/Build/Products/Debug-iphonesimulator/ExampleAppTests.xctest/Frameworks/libswiftUIKit.dylib
/usr/bin/codesign --force --sign - --verbose /Users/boopathi/Library/Developer/Xcode/DerivedData/ExampleApp-ayjcunrpvvwykehcforbrtolsuuu/Build/Products/Debug-iphonesimulator/ExampleAppTests.xctest/Frameworks/libswiftUIKit.dylib
Code signature of /Users/boopathi/Library/Developer/Xcode/DerivedData/ExampleApp-ayjcunrpvvwykehcforbrtolsuuu/Build/Products/Debug-iphonesimulator/ExampleAppTests.xctest/Frameworks/libswiftQuartzCore.dylib is unchanged; keeping original
Probing signature of /Users/boopathi/Library/Developer/Xcode/DerivedData/ExampleApp-ayjcunrpvvwykehcforbrtolsuuu/Build/Products/Debug-iphonesimulator/ExampleAppTests.xctest/Frameworks/libswiftCoreGraphics.dylib
/usr/bin/codesign -r- --display /Users/boopathi/Library/Developer/Xcode/DerivedData/ExampleApp-ayjcunrpvvwykehcforbrtolsuuu/Build/Products/Debug-iphonesimulator/ExampleAppTests.xctest/Frameworks/libswiftCoreGraphics.dylib
Codesigning /Users/boopathi/Library/Developer/Xcode/DerivedData/ExampleApp-ayjcunrpvvwykehcforbrtolsuuu/Build/Products/Debug-iphonesimulator/ExampleAppTests.xctest/Frameworks/libswiftCore.dylib
/usr/bin/codesign --force --sign - --verbose /Users/boopathi/Library/Developer/Xcode/DerivedData/ExampleApp-ayjcunrpvvwykehcforbrtolsuuu/Build/Products/Debug-iphonesimulator/ExampleAppTests.xctest/Frameworks/libswiftCore.dylib
Codesigning /Users/boopathi/Library/Developer/Xcode/DerivedData/ExampleApp-ayjcunrpvvwykehcforbrtolsuuu/Build/Products/Debug-iphonesimulator/ExampleAppTests.xctest/Frameworks/libswiftCoreGraphics.dylib
/usr/bin/codesign --force --sign - --verbose /Users/boopathi/Library/Developer/Xcode/DerivedData/ExampleApp-ayjcunrpvvwykehcforbrtolsuuu/Build/Products/Debug-iphonesimulator/ExampleAppTests.xctest/Frameworks/libswiftCoreGraphics.dylib
Probing signature of /Users/boopathi/Library/Developer/Xcode/DerivedData/ExampleApp-ayjcunrpvvwykehcforbrtolsuuu/Build/Products/Debug-iphonesimulator/ExampleAppTests.xctest/Frameworks/libswiftCoreFoundation.dylib
/usr/bin/codesign -r- --display /Users/boopathi/Library/Developer/Xcode/DerivedData/ExampleApp-ayjcunrpvvwykehcforbrtolsuuu/Build/Products/Debug-iphonesimulator/ExampleAppTests.xctest/Frameworks/libswiftCoreFoundation.dylib
Code signature of /Users/boopathi/Library/Developer/Xcode/DerivedData/ExampleApp-ayjcunrpvvwykehcforbrtolsuuu/Build/Products/Debug-iphonesimulator/ExampleAppTests.xctest/Frameworks/libswiftCoreFoundation.dylib is unchanged; keeping original
Probing signature of /Users/boopathi/Library/Developer/Xcode/DerivedData/ExampleApp-ayjcunrpvvwykehcforbrtolsuuu/Build/Products/Debug-iphonesimulator/ExampleAppTests.xctest/Frameworks/libswiftUIKit.dylib
/usr/bin/codesign -r- --display /Users/boopathi/Library/Developer/Xcode/DerivedData/ExampleApp-ayjcunrpvvwykehcforbrtolsuuu/Build/Products/Debug-iphonesimulator/ExampleAppTests.xctest/Frameworks/libswiftUIKit.dylib
Probing signature of /Users/boopathi/Library/Developer/Xcode/DerivedData/ExampleApp-ayjcunrpvvwykehcforbrtolsuuu/Build/Products/Debug-iphonesimulator/ExampleAppTests.xctest/Frameworks/libswiftCoreGraphics.dylib
/usr/bin/codesign -r- --display /Users/boopathi/Library/Developer/Xcode/DerivedData/ExampleApp-ayjcunrpvvwykehcforbrtolsuuu/Build/Products/Debug-iphonesimulator/ExampleAppTests.xctest/Frameworks/libswiftCoreGraphics.dylib
Code signature of /Users/boopathi/Library/Developer/Xcode/DerivedData/ExampleApp-ayjcunrpvvwykehcforbrtolsuuu/Build/Products/Debug-iphonesimulator/ExampleAppTests.xctest/Frameworks/libswiftUIKit.dylib is unchanged; keeping original
Code signature of /Users/boopathi/Library/Developer/Xcode/DerivedData/ExampleApp-ayjcunrpvvwykehcforbrtolsuuu/Build/Products/Debug-iphonesimulator/ExampleAppTests.xctest/Frameworks/libswiftCoreGraphics.dylib is unchanged; keeping original
Probing signature of /Users/boopathi/Library/Developer/Xcode/DerivedData/ExampleApp-ayjcunrpvvwykehcforbrtolsuuu/Build/Products/Debug-iphonesimulator/ExampleAppTests.xctest/Frameworks/libswiftCore.dylib
/usr/bin/codesign -r- --display /Users/boopathi/Library/Developer/Xcode/DerivedData/ExampleApp-ayjcunrpvvwykehcforbrtolsuuu/Build/Products/Debug-iphonesimulator/ExampleAppTests.xctest/Frameworks/libswiftCore.dylib
Code signature of /Users/boopathi/Library/Developer/Xcode/DerivedData/ExampleApp-ayjcunrpvvwykehcforbrtolsuuu/Build/Products/Debug-iphonesimulator/ExampleAppTests.xctest/Frameworks/libswiftCore.dylib is unchanged; keeping original

CodeSign /Users/boopathi/Library/Developer/Xcode/DerivedData/ExampleApp-ayjcunrpvvwykehcforbrtolsuuu/Build/Products/Debug-iphonesimulator/ExampleAppTests.xctest (in target 'ExampleAppTests' from project 'ExampleApp')
    cd /var/folders/f5/jcsc1cv53hd5nvtt1y0m5gc80000gn/T/TemporaryItems/(A\ Document\ Being\ Saved\ By\ muter\ 2)/ExampleApp
    export CODESIGN_ALLOCATE=/Applications/Xcode.app/Contents/Developer/Toolchains/XcodeDefault.xctoolchain/usr/bin/codesign_allocate
    
Signing Identity:     "-"

    /usr/bin/codesign --force --sign - --timestamp=none /Users/boopathi/Library/Developer/Xcode/DerivedData/ExampleApp-ayjcunrpvvwykehcforbrtolsuuu/Build/Products/Debug-iphonesimulator/ExampleAppTests.xctest

2020-06-16 01:24:07.017 xcodebuild[4482:175207]  IDETestOperationsObserverDebug: Writing diagnostic log for test session to:
/Users/boopathi/Library/Developer/Xcode/DerivedData/ExampleApp-ayjcunrpvvwykehcforbrtolsuuu/Logs/Test/Test-ExampleApp-2020.06.16_01-24-03-+0530.xcresult/Staging/1_Test/Diagnostics/ExampleAppTests-0FFA1DE6-755E-449A-BFC9-5914D100B8CA/ExampleAppTests-FA3029FC-3C95-4A3E-B796-361F4050F2F6/Session-ExampleAppTests-2020-06-16_012407-BnK1kz.log
2020-06-16 01:24:07.017 xcodebuild[4482:174980] [MT] IDETestOperationsObserverDebug: (4912316F-5EF9-43A9-800F-002A10F0FCF1) Beginning test session ExampleAppTests-4912316F-5EF9-43A9-800F-002A10F0FCF1 at 2020-06-16 01:24:07.017 with Xcode 11E608c on target <DVTiPhoneSimulator: 0x7f843c460730> {
		SimDevice: iPhone 8 (5A812714-BCDE-4C2C-809B-2DA012190EE6, iOS 13.5, Shutdown)
} (13.5 (17F61))
2020-06-16 01:24:25.277 xcodebuild[4482:174980] [MT] IDETestOperationsObserverDebug: (4912316F-5EF9-43A9-800F-002A10F0FCF1) Finished requesting crash reports. Continuing with testing.
Test Suite 'All tests' started at 2020-06-16 01:24:25.668
Test Suite 'ExampleAppTests.xctest' started at 2020-06-16 01:24:25.669
Test Suite 'ModuleTests' started at 2020-06-16 01:24:25.670
Test Case '-[ExampleAppTests.ModuleTests test]' started.
/var/folders/f5/jcsc1cv53hd5nvtt1y0m5gc80000gn/T/TemporaryItems/(A Document Being Saved By muter 2)/ExampleApp/ExampleAppTests/ModuleTests.swift:5: error: -[ExampleAppTests.ModuleTests test] : XCTAssertTrue failed
Test Case '-[ExampleAppTests.ModuleTests test]' failed (0.015 seconds).
Test Suite 'ModuleTests' failed at 2020-06-16 01:24:25.687.
	 Executed 1 test, with 1 failure (0 unexpected) in 0.015 (0.018) seconds
Test Suite 'ExampleAppTests.xctest' failed at 2020-06-16 01:24:25.691.
	 Executed 1 test, with 1 failure (0 unexpected) in 0.015 (0.022) seconds
Test Suite 'All tests' failed at 2020-06-16 01:24:25.693.
	 Executed 1 test, with 1 failure (0 unexpected) in 0.015 (0.026) seconds
2020-06-16 01:24:41.221 xcodebuild[4482:174980] [MT] IDETestOperationsObserverDebug: 34.212 elapsed -- Testing started completed.
2020-06-16 01:24:41.222 xcodebuild[4482:174980] [MT] IDETestOperationsObserverDebug: 0.000 sec, +0.000 sec -- start
2020-06-16 01:24:41.222 xcodebuild[4482:174980] [MT] IDETestOperationsObserverDebug: 34.212 sec, +34.212 sec -- end

Test session results, code coverage, and logs:
	/Users/boopathi/Library/Developer/Xcode/DerivedData/ExampleApp-ayjcunrpvvwykehcforbrtolsuuu/Logs/Test/Test-ExampleApp-2020.06.16_01-24-03-+0530.xcresult

Failing tests:
	ExampleAppTests:
		ModuleTests.test()

** TEST FAILED **

Testing started on 'iPhone 8'
